1655056310072	geckodriver	INFO	Listening on 127.0.0.1:9098
1655056313157	mozrunner::runner	INFO	Running command: "C:\\Program Files\\Mozilla Firefox\\firefox.exe" "--marionette" "--remote-debugging-port" "9099" "--remote-allow-hosts" "localhost" "-no-remote" "-profile" "C:\\Users\\BS437\\AppData\\Local\\Temp\\rust_mozprofileZtyVqU"
1655056313744	Marionette	INFO	Marionette enabled
WebDriver BiDi listening on ws://localhost:9099
console.warn: SearchSettings: "get: No settings file exists, new profile?" (new NotFoundError("Could not open the file at C:\\Users\\BS437\\AppData\\Local\\Temp\\rust_mozprofileZtyVqU\\search.json.mozlz4", (void 0)))
1655056315317	Marionette	INFO	Listening on port 9123
DevTools listening on ws://localhost:9099/devtools/browser/2b84c27c-904d-427e-8ba2-aff5ac789e11
Read port: 9123
1655056315417	RemoteAgent	WARN	TLS certificate errors will be ignored for this session
1655056315447	Marionette	INFO	Stopped listening on port 9123
1655056316026	geckodriver	INFO	Listening on 127.0.0.1:9128
1655056319105	mozrunner::runner	INFO	Running command: "C:\\Program Files\\Mozilla Firefox\\firefox.exe" "--marionette" "--remote-debugging-port" "9129" "--remote-allow-hosts" "localhost" "-no-remote" "-profile" "C:\\Users\\BS437\\AppData\\Local\\Temp\\rust_mozprofile9fqifP"
1655056319401	Marionette	INFO	Marionette enabled
WebDriver BiDi listening on ws://localhost:9129
console.warn: SearchSettings: "get: No settings file exists, new profile?" (new NotFoundError("Could not open the file at C:\\Users\\BS437\\AppData\\Local\\Temp\\rust_mozprofile9fqifP\\search.json.mozlz4", (void 0)))
1655056320915	Marionette	INFO	Listening on port 9152
DevTools listening on ws://localhost:9129/devtools/browser/327deef4-443c-4cfc-bdc0-1bbd31c261d4
Read port: 9152
1655056320985	RemoteAgent	WARN	TLS certificate errors will be ignored for this session
1655056321003	Marionette	INFO	Stopped listening on port 9152
console.warn: services.settings: main/query-stripping sync interrupted by shutdown

###!!! [Parent][PGPUParent] Error: RunMessage(msgname=PGPU::Msg_ShutdownVR) Channel closing: too late to send/recv, messages will be lost

1655056321857	geckodriver	INFO	Listening on 127.0.0.1:9158
1655056324925	mozrunner::runner	INFO	Running command: "C:\\Program Files\\Mozilla Firefox\\firefox.exe" "--marionette" "--remote-debugging-port" "9159" "--remote-allow-hosts" "localhost" "-no-remote" "-profile" "C:\\Users\\BS437\\AppData\\Local\\Temp\\rust_mozprofileW1qOiY"
1655056325223	Marionette	INFO	Marionette enabled
WebDriver BiDi listening on ws://localhost:9159
console.warn: SearchSettings: "get: No settings file exists, new profile?" (new NotFoundError("Could not open the file at C:\\Users\\BS437\\AppData\\Local\\Temp\\rust_mozprofileW1qOiY\\search.json.mozlz4", (void 0)))
1655056326741	Marionette	INFO	Listening on port 9185
DevTools listening on ws://localhost:9159/devtools/browser/00b47f33-aea0-420f-a40d-6026d4759227
Read port: 9185
1655056326816	RemoteAgent	WARN	TLS certificate errors will be ignored for this session
1655056326830	Marionette	INFO	Stopped listening on port 9185
1655056460162	geckodriver	INFO	Listening on 127.0.0.1:9279
1655056463219	mozrunner::runner	INFO	Running command: "C:\\Program Files\\Mozilla Firefox\\firefox.exe" "--marionette" "--remote-debugging-port" "9280" "--remote-allow-hosts" "localhost" "-no-remote" "-profile" "C:\\Users\\BS437\\AppData\\Local\\Temp\\rust_mozprofileVpia81"
1655056463518	Marionette	INFO	Marionette enabled
WebDriver BiDi listening on ws://localhost:9280
console.warn: SearchSettings: "get: No settings file exists, new profile?" (new NotFoundError("Could not open the file at C:\\Users\\BS437\\AppData\\Local\\Temp\\rust_mozprofileVpia81\\search.json.mozlz4", (void 0)))
1655056464922	Marionette	INFO	Listening on port 9302
DevTools listening on ws://localhost:9280/devtools/browser/e602050e-851b-445a-a3ae-2080552226da
Read port: 9302
1655056465038	RemoteAgent	WARN	TLS certificate errors will be ignored for this session
1655056465065	Marionette	INFO	Stopped listening on port 9302
console.warn: services.settings: main/query-stripping sync interrupted by shutdown

###!!! [Parent][PGPUParent] Error: RunMessage(msgname=PGPU::Msg_ShutdownVR) Channel closing: too late to send/recv, messages will be lost

1655056465733	geckodriver	INFO	Listening on 127.0.0.1:9306
1655056468788	mozrunner::runner	INFO	Running command: "C:\\Program Files\\Mozilla Firefox\\firefox.exe" "--marionette" "--remote-debugging-port" "9307" "--remote-allow-hosts" "localhost" "-no-remote" "-profile" "C:\\Users\\BS437\\AppData\\Local\\Temp\\rust_mozprofile5thnMc"
1655056469078	Marionette	INFO	Marionette enabled
WebDriver BiDi listening on ws://localhost:9307
console.warn: SearchSettings: "get: No settings file exists, new profile?" (new NotFoundError("Could not open the file at C:\\Users\\BS437\\AppData\\Local\\Temp\\rust_mozprofile5thnMc\\search.json.mozlz4", (void 0)))
1655056470495	Marionette	INFO	Listening on port 9330
Read port: 9330
1655056470616	RemoteAgent	WARN	TLS certificate errors will be ignored for this session
1655056470651	Marionette	INFO	Stopped listening on port 9330
1655056470723	CDP	WARN	Failed to remove undefined (Could not parse path (undefined): NS_ERROR_FILE_UNRECOGNIZED_PATH)
1655056471265	geckodriver	INFO	Listening on 127.0.0.1:9337
1655056474333	mozrunner::runner	INFO	Running command: "C:\\Program Files\\Mozilla Firefox\\firefox.exe" "--marionette" "--remote-debugging-port" "9338" "--remote-allow-hosts" "localhost" "-no-remote" "-profile" "C:\\Users\\BS437\\AppData\\Local\\Temp\\rust_mozprofile87RWRq"
1655056474626	Marionette	INFO	Marionette enabled
WebDriver BiDi listening on ws://localhost:9338
console.warn: SearchSettings: "get: No settings file exists, new profile?" (new NotFoundError("Could not open the file at C:\\Users\\BS437\\AppData\\Local\\Temp\\rust_mozprofile87RWRq\\search.json.mozlz4", (void 0)))
1655056476200	Marionette	INFO	Listening on port 9364
DevTools listening on ws://localhost:9338/devtools/browser/84477236-3420-4f25-87c7-3d4088dbfc32
Read port: 9364
1655056476297	RemoteAgent	WARN	TLS certificate errors will be ignored for this session
1655056476328	Marionette	INFO	Stopped listening on port 9364
console.warn: services.settings: main/query-stripping sync interrupted by shutdown
1655056503210	geckodriver	INFO	Listening on 127.0.0.1:9382
1655056506300	mozrunner::runner	INFO	Running command: "C:\\Program Files\\Mozilla Firefox\\firefox.exe" "--marionette" "--remote-debugging-port" "9383" "--remote-allow-hosts" "localhost" "-no-remote" "-profile" "C:\\Users\\BS437\\AppData\\Local\\Temp\\rust_mozprofileAOPtUF"
1655056506591	Marionette	INFO	Marionette enabled
WebDriver BiDi listening on ws://localhost:9383
console.warn: SearchSettings: "get: No settings file exists, new profile?" (new NotFoundError("Could not open the file at C:\\Users\\BS437\\AppData\\Local\\Temp\\rust_mozprofileAOPtUF\\search.json.mozlz4", (void 0)))
1655056508011	Marionette	INFO	Listening on port 9407
Read port: 9407
1655056508086	RemoteAgent	WARN	TLS certificate errors will be ignored for this session
DevTools listening on ws://localhost:9383/devtools/browser/17306e93-8a83-4384-a8c1-37bfa35b95de
1655056508117	Marionette	INFO	Stopped listening on port 9407
1655056508694	geckodriver	INFO	Listening on 127.0.0.1:9411
1655056511741	mozrunner::runner	INFO	Running command: "C:\\Program Files\\Mozilla Firefox\\firefox.exe" "--marionette" "--remote-debugging-port" "9412" "--remote-allow-hosts" "localhost" "-no-remote" "-profile" "C:\\Users\\BS437\\AppData\\Local\\Temp\\rust_mozprofileIkrro3"
1655056512010	Marionette	INFO	Marionette enabled
WebDriver BiDi listening on ws://localhost:9412
console.warn: SearchSettings: "get: No settings file exists, new profile?" (new NotFoundError("Could not open the file at C:\\Users\\BS437\\AppData\\Local\\Temp\\rust_mozprofileIkrro3\\search.json.mozlz4", (void 0)))
1655056513364	Marionette	INFO	Listening on port 9435
DevTools listening on ws://localhost:9412/devtools/browser/edb79fe5-c524-4b8f-85ae-0fd37bd39362
Read port: 9435
1655056513433	RemoteAgent	WARN	TLS certificate errors will be ignored for this session
1655056513459	Marionette	INFO	Stopped listening on port 9435
console.warn: services.settings: main/query-stripping sync interrupted by shutdown
console.error: Region.jsm: "Error fetching region" (new TypeError("NetworkError when attempting to fetch resource.", ""))
console.error: Region.jsm: "Failed to fetch region" (new Error("NO_RESULT", "resource://gre/modules/Region.jsm", 419))

###!!! [Parent][PGPUParent] Error: RunMessage(msgname=PGPU::Msg_ShutdownVR) Channel closing: too late to send/recv, messages will be lost

1655056514073	geckodriver	INFO	Listening on 127.0.0.1:9439
1655056517119	mozrunner::runner	INFO	Running command: "C:\\Program Files\\Mozilla Firefox\\firefox.exe" "--marionette" "--remote-debugging-port" "9440" "--remote-allow-hosts" "localhost" "-no-remote" "-profile" "C:\\Users\\BS437\\AppData\\Local\\Temp\\rust_mozprofilefNHEAb"
1655056517408	Marionette	INFO	Marionette enabled
WebDriver BiDi listening on ws://localhost:9440
console.warn: SearchSettings: "get: No settings file exists, new profile?" (new NotFoundError("Could not open the file at C:\\Users\\BS437\\AppData\\Local\\Temp\\rust_mozprofilefNHEAb\\search.json.mozlz4", (void 0)))
1655056518869	Marionette	INFO	Listening on port 9464
DevTools listening on ws://localhost:9440/devtools/browser/46ca1cef-edaa-4372-88da-a94d3e0200ca
Read port: 9464
1655056518991	RemoteAgent	WARN	TLS certificate errors will be ignored for this session
1655056519006	Marionette	INFO	Stopped listening on port 9464
console.warn: services.settings: main/query-stripping sync interrupted by shutdown

###!!! [Parent][PGPUParent] Error: RunMessage(msgname=PGPU::Msg_ShutdownVR) Channel closing: too late to send/recv, messages will be lost

1655056619986	geckodriver	INFO	Listening on 127.0.0.1:9514
1655056623038	mozrunner::runner	INFO	Running command: "C:\\Program Files\\Mozilla Firefox\\firefox.exe" "--marionette" "--remote-debugging-port" "9515" "--remote-allow-hosts" "localhost" "-no-remote" "-profile" "C:\\Users\\BS437\\AppData\\Local\\Temp\\rust_mozprofilet0NSVt"
1655056623307	Marionette	INFO	Marionette enabled
WebDriver BiDi listening on ws://localhost:9515
console.warn: SearchSettings: "get: No settings file exists, new profile?" (new NotFoundError("Could not open the file at C:\\Users\\BS437\\AppData\\Local\\Temp\\rust_mozprofilet0NSVt\\search.json.mozlz4", (void 0)))
1655056624733	Marionette	INFO	Listening on port 9536
DevTools listening on ws://localhost:9515/devtools/browser/82f7cd78-5409-4acd-b6be-616dcab5f5a4
Read port: 9536
1655056624790	RemoteAgent	WARN	TLS certificate errors will be ignored for this session
1655056630312	Marionette	INFO	Stopped listening on port 9536

###!!! [Parent][PGPUParent] Error: RunMessage(msgname=PGPU::Msg_ShutdownVR) Channel closing: too late to send/recv, messages will be lost

1655056630976	geckodriver	INFO	Listening on 127.0.0.1:9572
1655056634053	mozrunner::runner	INFO	Running command: "C:\\Program Files\\Mozilla Firefox\\firefox.exe" "--marionette" "--remote-debugging-port" "9573" "--remote-allow-hosts" "localhost" "-no-remote" "-profile" "C:\\Users\\BS437\\AppData\\Local\\Temp\\rust_mozprofilek20eJ5"
1655056634351	Marionette	INFO	Marionette enabled
WebDriver BiDi listening on ws://localhost:9573
console.warn: SearchSettings: "get: No settings file exists, new profile?" (new NotFoundError("Could not open the file at C:\\Users\\BS437\\AppData\\Local\\Temp\\rust_mozprofilek20eJ5\\search.json.mozlz4", (void 0)))
1655056635750	Marionette	INFO	Listening on port 9596
DevTools listening on ws://localhost:9573/devtools/browser/f415c73f-1d72-4f26-a743-e82473b1dd82
Read port: 9596
1655056635831	RemoteAgent	WARN	TLS certificate errors will be ignored for this session
1655056642907	Marionette	INFO	Stopped listening on port 9596

###!!! [Parent][PGPUParent] Error: RunMessage(msgname=PGPU::Msg_ShutdownVR) Channel closing: too late to send/recv, messages will be lost

1655056643586	geckodriver	INFO	Listening on 127.0.0.1:9637
1655056646671	mozrunner::runner	INFO	Running command: "C:\\Program Files\\Mozilla Firefox\\firefox.exe" "--marionette" "--remote-debugging-port" "9638" "--remote-allow-hosts" "localhost" "-no-remote" "-profile" "C:\\Users\\BS437\\AppData\\Local\\Temp\\rust_mozprofilecIv0gb"
1655056646985	Marionette	INFO	Marionette enabled
WebDriver BiDi listening on ws://localhost:9638
console.warn: SearchSettings: "get: No settings file exists, new profile?" (new NotFoundError("Could not open the file at C:\\Users\\BS437\\AppData\\Local\\Temp\\rust_mozprofilecIv0gb\\search.json.mozlz4", (void 0)))
1655056648423	Marionette	INFO	Listening on port 9662
Read port: 9662
DevTools listening on ws://localhost:9638/devtools/browser/d773a580-5c37-43e7-8158-3558c1630037
1655056648453	RemoteAgent	WARN	TLS certificate errors will be ignored for this session
1655056654701	Marionette	INFO	Stopped listening on port 9662
1655056920943	geckodriver	INFO	Listening on 127.0.0.1:9826
1655056924016	mozrunner::runner	INFO	Running command: "C:\\Program Files\\Mozilla Firefox\\firefox.exe" "--marionette" "--remote-debugging-port" "9827" "--remote-allow-hosts" "localhost" "-no-remote" "-profile" "C:\\Users\\BS437\\AppData\\Local\\Temp\\rust_mozprofilePqlc8S"
1655056924289	Marionette	INFO	Marionette enabled
WebDriver BiDi listening on ws://localhost:9827
console.warn: SearchSettings: "get: No settings file exists, new profile?" (new NotFoundError("Could not open the file at C:\\Users\\BS437\\AppData\\Local\\Temp\\rust_mozprofilePqlc8S\\search.json.mozlz4", (void 0)))
1655056925702	Marionette	INFO	Listening on port 9850
DevTools listening on ws://localhost:9827/devtools/browser/1368581c-e2bd-43c3-b5b6-4bcefed4523f
Read port: 9850
1655056925772	RemoteAgent	WARN	TLS certificate errors will be ignored for this session
1655056932015	Marionette	INFO	Stopped listening on port 9850
1655056932679	geckodriver	INFO	Listening on 127.0.0.1:9890
1655056935768	mozrunner::runner	INFO	Running command: "C:\\Program Files\\Mozilla Firefox\\firefox.exe" "--marionette" "--remote-debugging-port" "9891" "--remote-allow-hosts" "localhost" "-no-remote" "-profile" "C:\\Users\\BS437\\AppData\\Local\\Temp\\rust_mozprofileZDGPdc"
1655056936076	Marionette	INFO	Marionette enabled
WebDriver BiDi listening on ws://localhost:9891
console.warn: SearchSettings: "get: No settings file exists, new profile?" (new NotFoundError("Could not open the file at C:\\Users\\BS437\\AppData\\Local\\Temp\\rust_mozprofileZDGPdc\\search.json.mozlz4", (void 0)))
1655056937483	Marionette	INFO	Listening on port 9912
Read port: 9912
DevTools listening on ws://localhost:9891/devtools/browser/cc06282d-0345-4ab3-b0c4-57726924efc6
1655056937523	RemoteAgent	WARN	TLS certificate errors will be ignored for this session
1655056945243	Marionette	INFO	Stopped listening on port 9912

###!!! [Parent][PGPUParent] Error: RunMessage(msgname=PGPU::Msg_ShutdownVR) Channel closing: too late to send/recv, messages will be lost

1655056945913	geckodriver	INFO	Listening on 127.0.0.1:9955
1655056949002	mozrunner::runner	INFO	Running command: "C:\\Program Files\\Mozilla Firefox\\firefox.exe" "--marionette" "--remote-debugging-port" "9956" "--remote-allow-hosts" "localhost" "-no-remote" "-profile" "C:\\Users\\BS437\\AppData\\Local\\Temp\\rust_mozprofileTgHGop"
1655056949318	Marionette	INFO	Marionette enabled
WebDriver BiDi listening on ws://localhost:9956
console.warn: SearchSettings: "get: No settings file exists, new profile?" (new NotFoundError("Could not open the file at C:\\Users\\BS437\\AppData\\Local\\Temp\\rust_mozprofileTgHGop\\search.json.mozlz4", (void 0)))
1655056950735	Marionette	INFO	Listening on port 9979
Read port: 9979
DevTools listening on ws://localhost:9956/devtools/browser/427ac7b2-c3e9-445a-906a-46fce741e48b
1655056950773	RemoteAgent	WARN	TLS certificate errors will be ignored for this session
1655056957897	Marionette	INFO	Stopped listening on port 9979
1655057197255	geckodriver	INFO	Listening on 127.0.0.1:10132
1655057200328	mozrunner::runner	INFO	Running command: "C:\\Program Files\\Mozilla Firefox\\firefox.exe" "--marionette" "--remote-debugging-port" "10133" "--remote-allow-hosts" "localhost" "-no-remote" "-profile" "C:\\Users\\BS437\\AppData\\Local\\Temp\\rust_mozprofilekuNjLq"
1655057200616	Marionette	INFO	Marionette enabled
WebDriver BiDi listening on ws://localhost:10133
console.warn: SearchSettings: "get: No settings file exists, new profile?" (new NotFoundError("Could not open the file at C:\\Users\\BS437\\AppData\\Local\\Temp\\rust_mozprofilekuNjLq\\search.json.mozlz4", (void 0)))
1655057202093	Marionette	INFO	Listening on port 10155
DevTools listening on ws://localhost:10133/devtools/browser/49cb5ec1-0685-4afb-821c-95adff74c926
Read port: 10155
1655057202209	RemoteAgent	WARN	TLS certificate errors will be ignored for this session
1655057208302	Marionette	INFO	Stopped listening on port 10155
JavaScript error: resource://gre/modules/UrlClassifierListManager.jsm, line 694: TypeError: this.tablesData[table] is undefined
1655057208989	geckodriver	INFO	Listening on 127.0.0.1:10196
1655057212066	mozrunner::runner	INFO	Running command: "C:\\Program Files\\Mozilla Firefox\\firefox.exe" "--marionette" "--remote-debugging-port" "10197" "--remote-allow-hosts" "localhost" "-no-remote" "-profile" "C:\\Users\\BS437\\AppData\\Local\\Temp\\rust_mozprofilenY1GWK"
1655057212340	Marionette	INFO	Marionette enabled
WebDriver BiDi listening on ws://localhost:10197
console.warn: SearchSettings: "get: No settings file exists, new profile?" (new NotFoundError("Could not open the file at C:\\Users\\BS437\\AppData\\Local\\Temp\\rust_mozprofilenY1GWK\\search.json.mozlz4", (void 0)))
1655057213750	Marionette	INFO	Listening on port 10221
Read port: 10221
1655057213834	RemoteAgent	WARN	TLS certificate errors will be ignored for this session
DevTools listening on ws://localhost:10197/devtools/browser/8e5f036c-8ee6-4bbf-8d71-065836675b3c
1655057221387	Marionette	INFO	Stopped listening on port 10221

###!!! [Parent][PGPUParent] Error: RunMessage(msgname=PGPU::Msg_ShutdownVR) Channel closing: too late to send/recv, messages will be lost

1655057222019	geckodriver	INFO	Listening on 127.0.0.1:10260
1655057225105	mozrunner::runner	INFO	Running command: "C:\\Program Files\\Mozilla Firefox\\firefox.exe" "--marionette" "--remote-debugging-port" "10261" "--remote-allow-hosts" "localhost" "-no-remote" "-profile" "C:\\Users\\BS437\\AppData\\Local\\Temp\\rust_mozprofileXPy5jP"
1655057225391	Marionette	INFO	Marionette enabled
WebDriver BiDi listening on ws://localhost:10261
console.warn: SearchSettings: "get: No settings file exists, new profile?" (new NotFoundError("Could not open the file at C:\\Users\\BS437\\AppData\\Local\\Temp\\rust_mozprofileXPy5jP\\search.json.mozlz4", (void 0)))
1655057226786	Marionette	INFO	Listening on port 10283
DevTools listening on ws://localhost:10261/devtools/browser/9b3f4274-2ac5-425b-a55a-3a52acb575c2
Read port: 10283
1655057226871	RemoteAgent	WARN	TLS certificate errors will be ignored for this session
console.warn: LoginRecipes: "getRecipes: falling back to a synchronous message for:" "http://automationpractice.com"
console.warn: LoginRecipes: "getRecipes: falling back to a synchronous message for:" "http://automationpractice.com"
JavaScript error: resource://gre/modules/LoginManagerParent.jsm, line 136: TypeError: gRecipeManager is null
console.warn: LoginRecipes: "getRecipes: falling back to a synchronous message for:" "http://automationpractice.com"
JavaScript error: resource://gre/modules/LoginManagerParent.jsm, line 136: TypeError: gRecipeManager is null
console.warn: LoginRecipes: "getRecipes: falling back to a synchronous message for:" "http://automationpractice.com"
JavaScript error: resource://gre/modules/LoginManagerParent.jsm, line 136: TypeError: gRecipeManager is null
console.warn: LoginRecipes: "getRecipes: falling back to a synchronous message for:" "http://automationpractice.com"
JavaScript error: resource://gre/modules/LoginManagerParent.jsm, line 136: TypeError: gRecipeManager is null
1655057235173	Marionette	INFO	Stopped listening on port 10283

###!!! [Parent][PGPUParent] Error: RunMessage(msgname=PGPU::Msg_ShutdownVR) Channel closing: too late to send/recv, messages will be lost

1655057646592	geckodriver	INFO	Listening on 127.0.0.1:10550
1655057649669	mozrunner::runner	INFO	Running command: "C:\\Program Files\\Mozilla Firefox\\firefox.exe" "--marionette" "--remote-debugging-port" "10551" "--remote-allow-hosts" "localhost" "-no-remote" "-profile" "C:\\Users\\BS437\\AppData\\Local\\Temp\\rust_mozprofiledUPFM0"
1655057650018	Marionette	INFO	Marionette enabled
WebDriver BiDi listening on ws://localhost:10553
console.warn: SearchSettings: "get: No settings file exists, new profile?" (new NotFoundError("Could not open the file at C:\\Users\\BS437\\AppData\\Local\\Temp\\rust_mozprofileNp01Aa\\search.json.mozlz4", (void 0)))
1655057652342	Marionette	INFO	Listening on port 10624
DevTools listening on ws://localhost:10549/devtools/browser/c9dea1eb-1853-406c-9fbe-2d9c4d3a85d2
Read port: 10622
1655057652431	RemoteAgent	WARN	TLS certificate errors will be ignored for this session
1655057665748	Marionette	INFO	Stopped listening on port 10624
hronous message for:" "http://automationpractice.com"
console.warn: LoginRecipes: "getRecipes: falling back to a synchronous message for:" "http://automationpractice.com"
JavaScript error: resource://gre/modules/LoginManagerParent.jsm, line 136: TypeError: gRecipeManager is null
console.warn: LoginRecipes: "getRecipes: falling back to a synchronous message for:" "http://automationpractice.com"
JavaScript error: resource://gre/modules/LoginManagerParent.jsm, line 136: TypeError: gRecipeManager is null
console.warn: LoginRecipes: "getRecipes: falling back to a synchronous message for:" "http://automationpractice.com"
JavaScript error: resource://gre/modules/LoginManagerParent.jsm, line 136: TypeError: gRecipeManager is null
console.warn: LoginRecipes: "getRecipes: falling back to a synchronous message for:" "http://automationpractice.com"
JavaScript error: resource://gre/modules/LoginManagerParent.jsm, line 136: TypeError: gRecipeManager is null
1655057670168	Marionette	INFO	Stopped listening on port 10623

###!!! [Parent][PGPUParent] Error: RunMessage(msgname=PGPU::Msg_ShutdownVR) Channel closing: too late to send/recv, messages will be lost

1655057690563	geckodriver	INFO	Listening on 127.0.0.1:10767
1655057693614	mozrunner::runner	INFO	Running command: "C:\\Program Files\\Mozilla Firefox\\firefox.exe" "--marionette" "--remote-debugging-port" "10772" "--remote-allow-hosts" "localhost" "-no-remote" "-profile" "C:\\Users\\BS437\\AppData\\Local\\Temp\\rust_mozprofile8EOjLZ"
1655057693950	Marionette	INFO	Marionette enabled
WebDriver BiDi listening on ws://localhost:10768
console.warn: SearchSettings: "get: No settings file exists, new profile?" (new NotFoundError("Could not open the file at C:\\Users\\BS437\\AppData\\Local\\Temp\\rust_mozprofilewTDQxE\\search.json.mozlz4", (void 0)))
1655057696231	Marionette	INFO	Listening on port 10845
DevTools listening on ws://localhost:10768/devtools/browser/ccfce81e-782a-4289-94a2-161110f8bea4
Read port: 10842
1655057696303	RemoteAgent	WARN	TLS certificate errors will be ignored for this session
1655057711541	Marionette	INFO	Stopped listening on port 10842

###!!! [Parent][PGPUParent] Error: RunMessage(msgname=PGPU::Msg_ShutdownVR) Channel closing: too late to send/recv, messages will be lost

tp://automationpractice.com"
JavaScript error: resource://gre/modules/LoginManagerParent.jsm, line 136: TypeError: gRecipeManager is null
console.warn: LoginRecipes: "getRecipes: falling back to a synchronous message for:" "http://automationpractice.com"
JavaScript error: resource://gre/modules/LoginManagerParent.jsm, line 136: TypeError: gRecipeManager is null
console.warn: LoginRecipes: "getRecipes: falling back to a synchronous message for:" "http://automationpractice.com"
JavaScript error: resource://gre/modules/LoginManagerParent.jsm, line 136: TypeError: gRecipeManager is null
console.warn: LoginRecipes: "getRecipes: falling back to a synchronous message for:" "http://automationpractice.com"
JavaScript error: resource://gre/modules/LoginManagerParent.jsm, line 136: TypeError: gRecipeManager is null
1655057709631	Marionette	INFO	Stopped listening on port 10845
1655057729928	geckodriver	INFO	Listening on 127.0.0.1:10977
1655057732980	mozrunner::runner	INFO	Running command: "C:\\Program Files\\Mozilla Firefox\\firefox.exe" "--marionette" "--remote-debugging-port" "10982" "--remote-allow-hosts" "localhost" "-no-remote" "-profile" "C:\\Users\\BS437\\AppData\\Local\\Temp\\rust_mozprofile02fghs"
1655057733311	Marionette	INFO	Marionette enabled
WebDriver BiDi listening on ws://localhost:10982
console.warn: SearchSettings: "get: No settings file exists, new profile?" (new NotFoundError("Could not open the file at C:\\Users\\BS437\\AppData\\Local\\Temp\\rust_mozprofileAkkGsk\\search.json.mozlz4", (void 0)))
1655057735697	Marionette	INFO	Listening on port 11058
Read port: 11058
1655057735746	RemoteAgent	WARN	TLS certificate errors will be ignored for this session
DevTools listening on ws://localhost:10978/devtools/browser/688119ea-c52f-4dab-9c1b-3a0794876d93
1655057748707	Marionette	INFO	Stopped listening on port 11058

###!!! [Parent][PGPUParent] Error: RunMessage(msgname=PGPU::Msg_ShutdownVR) Channel closing: too late to send/recv, messages will be lost

tp://automationpractice.com"
JavaScript error: resource://gre/modules/LoginManagerParent.jsm, line 136: TypeError: gRecipeManager is null
console.warn: LoginRecipes: "getRecipes: falling back to a synchronous message for:" "http://automationpractice.com"
JavaScript error: resource://gre/modules/LoginManagerParent.jsm, line 136: TypeError: gRecipeManager is null
console.warn: LoginRecipes: "getRecipes: falling back to a synchronous message for:" "http://automationpractice.com"
JavaScript error: resource://gre/modules/LoginManagerParent.jsm, line 136: TypeError: gRecipeManager is null
console.warn: LoginRecipes: "getRecipes: falling back to a synchronous message for:" "http://automationpractice.com"
JavaScript error: resource://gre/modules/LoginManagerParent.jsm, line 136: TypeError: gRecipeManager is null
1655057753505	Marionette	INFO	Stopped listening on port 11052

###!!! [Parent][PGPUParent] Error: RunMessage(msgname=PGPU::Msg_ShutdownVR) Channel closing: too late to send/recv, messages will be lost

1655059757128	geckodriver	INFO	Listening on 127.0.0.1:12122
1655059760225	mozrunner::runner	INFO	Running command: "C:\\Program Files\\Mozilla Firefox\\firefox.exe" "--marionette" "--remote-debugging-port" "12123" "--remote-allow-hosts" "localhost" "-no-remote" "-profile" "C:\\Users\\BS437\\AppData\\Local\\Temp\\rust_mozprofileYV4zYV"
1655059760545	Marionette	INFO	Marionette enabled
WebDriver BiDi listening on ws://localhost:12123
console.warn: SearchSettings: "get: No settings file exists, new profile?" (new NotFoundError("Could not open the file at C:\\Users\\BS437\\AppData\\Local\\Temp\\rust_mozprofileYV4zYV\\search.json.mozlz4", (void 0)))
1655059761967	Marionette	INFO	Listening on port 12145
DevTools listening on ws://localhost:12123/devtools/browser/7535b8cf-70b7-4f0b-ad38-75c0e7224840
Read port: 12145
1655059762011	RemoteAgent	WARN	TLS certificate errors will be ignored for this session
1655059770342	Marionette	INFO	Stopped listening on port 12145
1655059771547	geckodriver	INFO	Listening on 127.0.0.1:12188
1655059774617	mozrunner::runner	INFO	Running command: "C:\\Program Files\\Mozilla Firefox\\firefox.exe" "--marionette" "--remote-debugging-port" "12189" "--remote-allow-hosts" "localhost" "-no-remote" "-profile" "C:\\Users\\BS437\\AppData\\Local\\Temp\\rust_mozprofileaWJTxq"
1655059774897	Marionette	INFO	Marionette enabled
WebDriver BiDi listening on ws://localhost:12189
console.warn: SearchSettings: "get: No settings file exists, new profile?" (new NotFoundError("Could not open the file at C:\\Users\\BS437\\AppData\\Local\\Temp\\rust_mozprofileaWJTxq\\search.json.mozlz4", (void 0)))
1655059776271	Marionette	INFO	Listening on port 12215
DevTools listening on ws://localhost:12189/devtools/browser/603887f0-d15d-4777-a45a-c987635d9974
Read port: 12215
1655059776380	RemoteAgent	WARN	TLS certificate errors will be ignored for this session
1655059783782	Marionette	INFO	Stopped listening on port 12215
[Parent 10932, IPC I/O Parent] WARNING: file /builds/worker/checkouts/gecko/ipc/chromium/src/base/process_util_win.cc:167
1655059784451	geckodriver	INFO	Listening on 127.0.0.1:12253
1655059787531	mozrunner::runner	INFO	Running command: "C:\\Program Files\\Mozilla Firefox\\firefox.exe" "--marionette" "--remote-debugging-port" "12254" "--remote-allow-hosts" "localhost" "-no-remote" "-profile" "C:\\Users\\BS437\\AppData\\Local\\Temp\\rust_mozprofilepI0Kli"
1655059787824	Marionette	INFO	Marionette enabled
WebDriver BiDi listening on ws://localhost:12254
console.warn: SearchSettings: "get: No settings file exists, new profile?" (new NotFoundError("Could not open the file at C:\\Users\\BS437\\AppData\\Local\\Temp\\rust_mozprofilepI0Kli\\search.json.mozlz4", (void 0)))
1655059789257	Marionette	INFO	Listening on port 12277
DevTools listening on ws://localhost:12254/devtools/browser/9510798c-4469-4240-9993-e1882e9675e6
Read port: 12277
1655059789303	RemoteAgent	WARN	TLS certificate errors will be ignored for this session
console.warn: LoginRecipes: "getRecipes: falling back to a synchronous message for:" "http://automationpractice.com"
console.warn: LoginRecipes: "getRecipes: falling back to a synchronous message for:" "http://automationpractice.com"
JavaScript error: resource://gre/modules/LoginManagerParent.jsm, line 136: TypeError: gRecipeManager is null
console.warn: LoginRecipes: "getRecipes: falling back to a synchronous message for:" "http://automationpractice.com"
JavaScript error: resource://gre/modules/LoginManagerParent.jsm, line 136: TypeError: gRecipeManager is null
console.warn: LoginRecipes: "getRecipes: falling back to a synchronous message for:" "http://automationpractice.com"
JavaScript error: resource://gre/modules/LoginManagerParent.jsm, line 136: TypeError: gRecipeManager is null
console.warn: LoginRecipes: "getRecipes: falling back to a synchronous message for:" "http://automationpractice.com"
JavaScript error: resource://gre/modules/LoginManagerParent.jsm, line 136: TypeError: gRecipeManager is null
1655059800297	Marionette	INFO	Stopped listening on port 12277

###!!! [Parent][PGPUParent] Error: RunMessage(msgname=PGPU::Msg_ShutdownVR) Channel closing: too late to send/recv, messages will be lost

1655059861683	geckodriver	INFO	Listening on 127.0.0.1:12358
1655059864762	mozrunner::runner	INFO	Running command: "C:\\Program Files\\Mozilla Firefox\\firefox.exe" "--marionette" "--remote-debugging-port" "12359" "--remote-allow-hosts" "localhost" "-no-remote" "-profile" "C:\\Users\\BS437\\AppData\\Local\\Temp\\rust_mozprofilewFnflW"
1655059865047	Marionette	INFO	Marionette enabled
WebDriver BiDi listening on ws://localhost:12359
console.warn: SearchSettings: "get: No settings file exists, new profile?" (new NotFoundError("Could not open the file at C:\\Users\\BS437\\AppData\\Local\\Temp\\rust_mozprofilewFnflW\\search.json.mozlz4", (void 0)))
1655059866486	Marionette	INFO	Listening on port 12386
Read port: 12386
1655059866541	RemoteAgent	WARN	TLS certificate errors will be ignored for this session
DevTools listening on ws://localhost:12359/devtools/browser/b28b795d-c0bc-4022-adce-6c4fd491e45a
1655059873329	Marionette	INFO	Stopped listening on port 12386
1655059874006	geckodriver	INFO	Listening on 127.0.0.1:12425
1655059877085	mozrunner::runner	INFO	Running command: "C:\\Program Files\\Mozilla Firefox\\firefox.exe" "--marionette" "--remote-debugging-port" "12426" "--remote-allow-hosts" "localhost" "-no-remote" "-profile" "C:\\Users\\BS437\\AppData\\Local\\Temp\\rust_mozprofiletYMiwx"
1655059877367	Marionette	INFO	Marionette enabled
WebDriver BiDi listening on ws://localhost:12426
console.warn: SearchSettings: "get: No settings file exists, new profile?" (new NotFoundError("Could not open the file at C:\\Users\\BS437\\AppData\\Local\\Temp\\rust_mozprofiletYMiwx\\search.json.mozlz4", (void 0)))
1655059878857	Marionette	INFO	Listening on port 12449
DevTools listening on ws://localhost:12426/devtools/browser/0bab039d-2d47-45b8-992e-4c69feaafdc0
Read port: 12449
1655059878957	RemoteAgent	WARN	TLS certificate errors will be ignored for this session
1655059885512	Marionette	INFO	Stopped listening on port 12449
1655059886199	geckodriver	INFO	Listening on 127.0.0.1:12486
1655059889249	mozrunner::runner	INFO	Running command: "C:\\Program Files\\Mozilla Firefox\\firefox.exe" "--marionette" "--remote-debugging-port" "12487" "--remote-allow-hosts" "localhost" "-no-remote" "-profile" "C:\\Users\\BS437\\AppData\\Local\\Temp\\rust_mozprofileK4mB7Y"
1655059889522	Marionette	INFO	Marionette enabled
WebDriver BiDi listening on ws://localhost:12487
console.warn: SearchSettings: "get: No settings file exists, new profile?" (new NotFoundError("Could not open the file at C:\\Users\\BS437\\AppData\\Local\\Temp\\rust_mozprofileK4mB7Y\\search.json.mozlz4", (void 0)))
1655059890959	Marionette	INFO	Listening on port 12512
DevTools listening on ws://localhost:12487/devtools/browser/bd89e116-39bc-4322-9ddb-10c35bd2617c
Read port: 12512
1655059891024	RemoteAgent	WARN	TLS certificate errors will be ignored for this session
console.warn: LoginRecipes: "getRecipes: falling back to a synchronous message for:" "http://automationpractice.com"
console.warn: LoginRecipes: "getRecipes: falling back to a synchronous message for:" "http://automationpractice.com"
JavaScript error: resource://gre/modules/LoginManagerParent.jsm, line 136: TypeError: gRecipeManager is null
1655059899645	Marionette	INFO	Stopped listening on port 12512
1655059907675	geckodriver	INFO	Listening on 127.0.0.1:12562
1655059910741	mozrunner::runner	INFO	Running command: "C:\\Program Files\\Mozilla Firefox\\firefox.exe" "--marionette" "--remote-debugging-port" "12563" "--remote-allow-hosts" "localhost" "-no-remote" "-profile" "C:\\Users\\BS437\\AppData\\Local\\Temp\\rust_mozprofileRGntWq"
1655059911030	Marionette	INFO	Marionette enabled
WebDriver BiDi listening on ws://localhost:12563
console.warn: SearchSettings: "get: No settings file exists, new profile?" (new NotFoundError("Could not open the file at C:\\Users\\BS437\\AppData\\Local\\Temp\\rust_mozprofileRGntWq\\search.json.mozlz4", (void 0)))
1655059912509	Marionette	INFO	Listening on port 12588
DevTools listening on ws://localhost:12563/devtools/browser/3833ee43-307d-4d11-a453-fbcf3e335022
Read port: 12588
1655059912620	RemoteAgent	WARN	TLS certificate errors will be ignored for this session
1655059919073	Marionette	INFO	Stopped listening on port 12588
1655059919742	geckodriver	INFO	Listening on 127.0.0.1:12624
1655059922819	mozrunner::runner	INFO	Running command: "C:\\Program Files\\Mozilla Firefox\\firefox.exe" "--marionette" "--remote-debugging-port" "12625" "--remote-allow-hosts" "localhost" "-no-remote" "-profile" "C:\\Users\\BS437\\AppData\\Local\\Temp\\rust_mozprofileGeX6KB"
1655059923109	Marionette	INFO	Marionette enabled
WebDriver BiDi listening on ws://localhost:12625
console.warn: SearchSettings: "get: No settings file exists, new profile?" (new NotFoundError("Could not open the file at C:\\Users\\BS437\\AppData\\Local\\Temp\\rust_mozprofileGeX6KB\\search.json.mozlz4", (void 0)))
1655059924533	Marionette	INFO	Listening on port 12648
DevTools listening on ws://localhost:12625/devtools/browser/ac586761-85d9-405c-ab93-ae3fada5db32
Read port: 12648
1655059924595	RemoteAgent	WARN	TLS certificate errors will be ignored for this session
1655059931658	Marionette	INFO	Stopped listening on port 12648

###!!! [Parent][PGPUParent] Error: RunMessage(msgname=PGPU::Msg_ShutdownVR) Channel closing: too late to send/recv, messages will be lost

1655059932332	geckodriver	INFO	Listening on 127.0.0.1:12690
1655059935392	mozrunner::runner	INFO	Running command: "C:\\Program Files\\Mozilla Firefox\\firefox.exe" "--marionette" "--remote-debugging-port" "12691" "--remote-allow-hosts" "localhost" "-no-remote" "-profile" "C:\\Users\\BS437\\AppData\\Local\\Temp\\rust_mozprofileBCFT3S"
1655059935680	Marionette	INFO	Marionette enabled
WebDriver BiDi listening on ws://localhost:12691
console.warn: SearchSettings: "get: No settings file exists, new profile?" (new NotFoundError("Could not open the file at C:\\Users\\BS437\\AppData\\Local\\Temp\\rust_mozprofileBCFT3S\\search.json.mozlz4", (void 0)))
1655059937050	Marionette	INFO	Listening on port 12712
DevTools listening on ws://localhost:12691/devtools/browser/0757ce7f-cd85-4a0b-861d-b23d3b8a337b
Read port: 12712
1655059937168	RemoteAgent	WARN	TLS certificate errors will be ignored for this session
console.warn: LoginRecipes: "getRecipes: falling back to a synchronous message for:" "http://automationpractice.com"
console.warn: LoginRecipes: "getRecipes: falling back to a synchronous message for:" "http://automationpractice.com"
JavaScript error: resource://gre/modules/LoginManagerParent.jsm, line 136: TypeError: gRecipeManager is null
console.warn: LoginRecipes: "getRecipes: falling back to a synchronous message for:" "http://automationpractice.com"
JavaScript error: resource://gre/modules/LoginManagerParent.jsm, line 136: TypeError: gRecipeManager is null
console.warn: LoginRecipes: "getRecipes: falling back to a synchronous message for:" "http://automationpractice.com"
JavaScript error: resource://gre/modules/LoginManagerParent.jsm, line 136: TypeError: gRecipeManager is null
console.warn: LoginRecipes: "getRecipes: falling back to a synchronous message for:" "http://automationpractice.com"
JavaScript error: resource://gre/modules/LoginManagerParent.jsm, line 136: TypeError: gRecipeManager is null
1655059945677	Marionette	INFO	Stopped listening on port 12712
1655091774883	geckodriver	INFO	Listening on 127.0.0.1:1036
1655091777959	mozrunner::runner	INFO	Running command: "C:\\Program Files\\Mozilla Firefox\\firefox.exe" "--marionette" "--remote-debugging-port" "1037" "--remote-allow-hosts" "localhost" "-no-remote" "-profile" "C:\\Users\\BS437\\AppData\\Local\\Temp\\rust_mozprofileioS8Ft"
1655091778409	Marionette	INFO	Marionette enabled
WebDriver BiDi listening on ws://localhost:1037
console.warn: SearchSettings: "get: No settings file exists, new profile?" (new NotFoundError("Could not open the file at C:\\Users\\BS437\\AppData\\Local\\Temp\\rust_mozprofileioS8Ft\\search.json.mozlz4", (void 0)))
1655091779987	Marionette	INFO	Listening on port 1061
Read port: 1061
1655091780053	RemoteAgent	WARN	TLS certificate errors will be ignored for this session
DevTools listening on ws://localhost:1037/devtools/browser/2b9fca61-5a94-450e-8489-b2e3da508e79
1655091785891	Marionette	INFO	Stopped listening on port 1061
1655091786660	geckodriver	INFO	Listening on 127.0.0.1:1091
1655091789751	mozrunner::runner	INFO	Running command: "C:\\Program Files\\Mozilla Firefox\\firefox.exe" "--marionette" "--remote-debugging-port" "1092" "--remote-allow-hosts" "localhost" "-no-remote" "-profile" "C:\\Users\\BS437\\AppData\\Local\\Temp\\rust_mozprofileAtaDSh"
1655091790044	Marionette	INFO	Marionette enabled
WebDriver BiDi listening on ws://localhost:1092
console.warn: SearchSettings: "get: No settings file exists, new profile?" (new NotFoundError("Could not open the file at C:\\Users\\BS437\\AppData\\Local\\Temp\\rust_mozprofileAtaDSh\\search.json.mozlz4", (void 0)))
1655091791588	Marionette	INFO	Listening on port 1114
Read port: 1114
1655091791609	RemoteAgent	WARN	TLS certificate errors will be ignored for this session
DevTools listening on ws://localhost:1092/devtools/browser/263fd0f3-f053-4263-a905-f32e206ef4ea
1655091796664	Marionette	INFO	Stopped listening on port 1114
1655091797475	geckodriver	INFO	Listening on 127.0.0.1:1146
1655091800555	mozrunner::runner	INFO	Running command: "C:\\Program Files\\Mozilla Firefox\\firefox.exe" "--marionette" "--remote-debugging-port" "1147" "--remote-allow-hosts" "localhost" "-no-remote" "-profile" "C:\\Users\\BS437\\AppData\\Local\\Temp\\rust_mozprofile6Do00u"
1655091800855	Marionette	INFO	Marionette enabled
WebDriver BiDi listening on ws://localhost:1147
console.warn: SearchSettings: "get: No settings file exists, new profile?" (new NotFoundError("Could not open the file at C:\\Users\\BS437\\AppData\\Local\\Temp\\rust_mozprofile6Do00u\\search.json.mozlz4", (void 0)))
1655091802384	Marionette	INFO	Listening on port 1170
Read port: 1170
DevTools listening on ws://localhost:1147/devtools/browser/5983989b-dd13-425d-bd53-f41493d04ddc
1655091802417	RemoteAgent	WARN	TLS certificate errors will be ignored for this session
1655091808330	Marionette	INFO	Stopped listening on port 1170
1655091808983	geckodriver	INFO	Listening on 127.0.0.1:1208
1655091812049	mozrunner::runner	INFO	Running command: "C:\\Program Files\\Mozilla Firefox\\firefox.exe" "--marionette" "--remote-debugging-port" "1209" "--remote-allow-hosts" "localhost" "-no-remote" "-profile" "C:\\Users\\BS437\\AppData\\Local\\Temp\\rust_mozprofileStglPr"
1655091812327	Marionette	INFO	Marionette enabled
WebDriver BiDi listening on ws://localhost:1209
console.warn: SearchSettings: "get: No settings file exists, new profile?" (new NotFoundError("Could not open the file at C:\\Users\\BS437\\AppData\\Local\\Temp\\rust_mozprofileStglPr\\search.json.mozlz4", (void 0)))
1655091813798	Marionette	INFO	Listening on port 1234
DevTools listening on ws://localhost:1209/devtools/browser/36d56725-e6b6-4688-a4a8-20d3c86178d1
Read port: 1234
1655091813901	RemoteAgent	WARN	TLS certificate errors will be ignored for this session
1655091820631	Marionette	INFO	Stopped listening on port 1234
1655091821297	geckodriver	INFO	Listening on 127.0.0.1:1268
1655091824381	mozrunner::runner	INFO	Running command: "C:\\Program Files\\Mozilla Firefox\\firefox.exe" "--marionette" "--remote-debugging-port" "1269" "--remote-allow-hosts" "localhost" "-no-remote" "-profile" "C:\\Users\\BS437\\AppData\\Local\\Temp\\rust_mozprofileUUFaJG"
1655091824682	Marionette	INFO	Marionette enabled
WebDriver BiDi listening on ws://localhost:1269
console.warn: SearchSettings: "get: No settings file exists, new profile?" (new NotFoundError("Could not open the file at C:\\Users\\BS437\\AppData\\Local\\Temp\\rust_mozprofileUUFaJG\\search.json.mozlz4", (void 0)))
1655091826145	Marionette	INFO	Listening on port 1292
DevTools listening on ws://localhost:1269/devtools/browser/e20a1927-dd9d-43fa-afce-e2b7f1dd5232
Read port: 1292
1655091826250	RemoteAgent	WARN	TLS certificate errors will be ignored for this session
1655091832020	Marionette	INFO	Stopped listening on port 1292
1655092074376	geckodriver	INFO	Listening on 127.0.0.1:1448
1655092077452	mozrunner::runner	INFO	Running command: "C:\\Program Files\\Mozilla Firefox\\firefox.exe" "--marionette" "--remote-debugging-port" "1449" "--remote-allow-hosts" "localhost" "-no-remote" "-profile" "C:\\Users\\BS437\\AppData\\Local\\Temp\\rust_mozprofileSpP79k"
1655092077742	Marionette	INFO	Marionette enabled
WebDriver BiDi listening on ws://localhost:1449
console.warn: SearchSettings: "get: No settings file exists, new profile?" (new NotFoundError("Could not open the file at C:\\Users\\BS437\\AppData\\Local\\Temp\\rust_mozprofileSpP79k\\search.json.mozlz4", (void 0)))
1655092079091	Marionette	INFO	Listening on port 1472
Read port: 1472
DevTools listening on ws://localhost:1449/devtools/browser/c86f0b6c-2135-46e9-a2e3-100d0b32425c
1655092079132	RemoteAgent	WARN	TLS certificate errors will be ignored for this session
1655092085242	Marionette	INFO	Stopped listening on port 1472

###!!! [Parent][PGPUParent] Error: RunMessage(msgname=PGPU::Msg_ShutdownVR) Channel closing: too late to send/recv, messages will be lost

1655092085867	geckodriver	INFO	Listening on 127.0.0.1:1512
1655092088947	mozrunner::runner	INFO	Running command: "C:\\Program Files\\Mozilla Firefox\\firefox.exe" "--marionette" "--remote-debugging-port" "1513" "--remote-allow-hosts" "localhost" "-no-remote" "-profile" "C:\\Users\\BS437\\AppData\\Local\\Temp\\rust_mozprofiledygOaz"
1655092089256	Marionette	INFO	Marionette enabled
WebDriver BiDi listening on ws://localhost:1513
console.warn: SearchSettings: "get: No settings file exists, new profile?" (new NotFoundError("Could not open the file at C:\\Users\\BS437\\AppData\\Local\\Temp\\rust_mozprofiledygOaz\\search.json.mozlz4", (void 0)))
1655092090609	Marionette	INFO	Listening on port 1534
DevTools listening on ws://localhost:1513/devtools/browser/57fa0f26-70b4-48fd-aca2-7410b130c52d
Read port: 1534
1655092090646	RemoteAgent	WARN	TLS certificate errors will be ignored for this session
1655092095784	Marionette	INFO	Stopped listening on port 1534

###!!! [Parent][PGPUParent] Error: RunMessage(msgname=PGPU::Msg_ShutdownVR) Channel closing: too late to send/recv, messages will be lost

1655092096368	geckodriver	INFO	Listening on 127.0.0.1:1573
1655092099434	mozrunner::runner	INFO	Running command: "C:\\Program Files\\Mozilla Firefox\\firefox.exe" "--marionette" "--remote-debugging-port" "1574" "--remote-allow-hosts" "localhost" "-no-remote" "-profile" "C:\\Users\\BS437\\AppData\\Local\\Temp\\rust_mozprofileSApBLp"
1655092099714	Marionette	INFO	Marionette enabled
WebDriver BiDi listening on ws://localhost:1574
console.warn: SearchSettings: "get: No settings file exists, new profile?" (new NotFoundError("Could not open the file at C:\\Users\\BS437\\AppData\\Local\\Temp\\rust_mozprofileSApBLp\\search.json.mozlz4", (void 0)))
1655092101118	Marionette	INFO	Listening on port 1597
Read port: 1597
1655092101213	RemoteAgent	WARN	TLS certificate errors will be ignored for this session
DevTools listening on ws://localhost:1574/devtools/browser/c71fce17-0fad-4f1b-9806-c6d246f7b408
1655092106561	Marionette	INFO	Stopped listening on port 1597

###!!! [Parent][PGPUParent] Error: RunMessage(msgname=PGPU::Msg_ShutdownVR) Channel closing: too late to send/recv, messages will be lost

1655092107161	geckodriver	INFO	Listening on 127.0.0.1:1637
1655092110225	mozrunner::runner	INFO	Running command: "C:\\Program Files\\Mozilla Firefox\\firefox.exe" "--marionette" "--remote-debugging-port" "1638" "--remote-allow-hosts" "localhost" "-no-remote" "-profile" "C:\\Users\\BS437\\AppData\\Local\\Temp\\rust_mozprofilehWwUxz"
1655092110517	Marionette	INFO	Marionette enabled
WebDriver BiDi listening on ws://localhost:1638
console.warn: SearchSettings: "get: No settings file exists, new profile?" (new NotFoundError("Could not open the file at C:\\Users\\BS437\\AppData\\Local\\Temp\\rust_mozprofilehWwUxz\\search.json.mozlz4", (void 0)))
1655092111934	Marionette	INFO	Listening on port 1663
Read port: 1663
1655092112013	RemoteAgent	WARN	TLS certificate errors will be ignored for this session
DevTools listening on ws://localhost:1638/devtools/browser/e313ccb8-ff28-4fb2-bd57-90df0cf8eee3
1655092116895	Marionette	INFO	Stopped listening on port 1663
1655092117487	geckodriver	INFO	Listening on 127.0.0.1:1701
1655092120546	mozrunner::runner	INFO	Running command: "C:\\Program Files\\Mozilla Firefox\\firefox.exe" "--marionette" "--remote-debugging-port" "1702" "--remote-allow-hosts" "localhost" "-no-remote" "-profile" "C:\\Users\\BS437\\AppData\\Local\\Temp\\rust_mozprofilehlHYnJ"
1655092120815	Marionette	INFO	Marionette enabled
WebDriver BiDi listening on ws://localhost:1702
console.warn: SearchSettings: "get: No settings file exists, new profile?" (new NotFoundError("Could not open the file at C:\\Users\\BS437\\AppData\\Local\\Temp\\rust_mozprofilehlHYnJ\\search.json.mozlz4", (void 0)))
1655092122185	Marionette	INFO	Listening on port 1726
DevTools listening on ws://localhost:1702/devtools/browser/4406f267-b667-401b-b54c-e4fbfea43bbb
Read port: 1726
1655092122313	RemoteAgent	WARN	TLS certificate errors will be ignored for this session
1655092127680	Marionette	INFO	Stopped listening on port 1726

###!!! [Parent][PGPUParent] Error: RunMessage(msgname=PGPU::Msg_ShutdownVR) Channel closing: too late to send/recv, messages will be lost

1655092290822	geckodriver	INFO	Listening on 127.0.0.1:1857
1655092293889	mozrunner::runner	INFO	Running command: "C:\\Program Files\\Mozilla Firefox\\firefox.exe" "--marionette" "--remote-debugging-port" "1858" "--remote-allow-hosts" "localhost" "-no-remote" "-profile" "C:\\Users\\BS437\\AppData\\Local\\Temp\\rust_mozprofileLH2DYB"
1655092294175	Marionette	INFO	Marionette enabled
WebDriver BiDi listening on ws://localhost:1858
console.warn: SearchSettings: "get: No settings file exists, new profile?" (new NotFoundError("Could not open the file at C:\\Users\\BS437\\AppData\\Local\\Temp\\rust_mozprofileLH2DYB\\search.json.mozlz4", (void 0)))
1655092295573	Marionette	INFO	Listening on port 1880
DevTools listening on ws://localhost:1858/devtools/browser/a8016bc3-0a86-4fe8-8959-bb05b6d1629b
Read port: 1880
1655092295670	RemoteAgent	WARN	TLS certificate errors will be ignored for this session
1655092302772	Marionette	INFO	Stopped listening on port 1880
[Parent 14580, IPC I/O Parent] WARNING: file /builds/worker/checkouts/gecko/ipc/chromium/src/base/process_util_win.cc:167
1655092303369	geckodriver	INFO	Listening on 127.0.0.1:1920
1655092306435	mozrunner::runner	INFO	Running command: "C:\\Program Files\\Mozilla Firefox\\firefox.exe" "--marionette" "--remote-debugging-port" "1921" "--remote-allow-hosts" "localhost" "-no-remote" "-profile" "C:\\Users\\BS437\\AppData\\Local\\Temp\\rust_mozprofileiFqtjO"
1655092306737	Marionette	INFO	Marionette enabled
WebDriver BiDi listening on ws://localhost:1921
console.warn: SearchSettings: "get: No settings file exists, new profile?" (new NotFoundError("Could not open the file at C:\\Users\\BS437\\AppData\\Local\\Temp\\rust_mozprofileiFqtjO\\search.json.mozlz4", (void 0)))
1655092308159	Marionette	INFO	Listening on port 1945
DevTools listening on ws://localhost:1921/devtools/browser/045c375b-c939-4f54-8ed4-42ce23bd5076
Read port: 1945
1655092308237	RemoteAgent	WARN	TLS certificate errors will be ignored for this session
1655092315038	Marionette	INFO	Stopped listening on port 1945

###!!! [Parent][PGPUParent] Error: RunMessage(msgname=PGPU::Msg_ShutdownVR) Channel closing: too late to send/recv, messages will be lost

1655092315668	geckodriver	INFO	Listening on 127.0.0.1:1984
1655092318751	mozrunner::runner	INFO	Running command: "C:\\Program Files\\Mozilla Firefox\\firefox.exe" "--marionette" "--remote-debugging-port" "1985" "--remote-allow-hosts" "localhost" "-no-remote" "-profile" "C:\\Users\\BS437\\AppData\\Local\\Temp\\rust_mozprofilenW6UfL"
1655092319039	Marionette	INFO	Marionette enabled
WebDriver BiDi listening on ws://localhost:1985
console.warn: SearchSettings: "get: No settings file exists, new profile?" (new NotFoundError("Could not open the file at C:\\Users\\BS437\\AppData\\Local\\Temp\\rust_mozprofilenW6UfL\\search.json.mozlz4", (void 0)))
1655092320450	Marionette	INFO	Listening on port 2008
DevTools listening on ws://localhost:1985/devtools/browser/f2fa2274-c697-44b5-8734-afa02703ca8f
Read port: 2008
1655092320555	RemoteAgent	WARN	TLS certificate errors will be ignored for this session
1655092326595	Marionette	INFO	Stopped listening on port 2008

###!!! [Parent][PGPUParent] Error: RunMessage(msgname=PGPU::Msg_ShutdownVR) Channel closing: too late to send/recv, messages will be lost

1655092327210	geckodriver	INFO	Listening on 127.0.0.1:2048
1655092330283	mozrunner::runner	INFO	Running command: "C:\\Program Files\\Mozilla Firefox\\firefox.exe" "--marionette" "--remote-debugging-port" "2049" "--remote-allow-hosts" "localhost" "-no-remote" "-profile" "C:\\Users\\BS437\\AppData\\Local\\Temp\\rust_mozprofileLOBonP"
1655092330578	Marionette	INFO	Marionette enabled
WebDriver BiDi listening on ws://localhost:2049
console.warn: SearchSettings: "get: No settings file exists, new profile?" (new NotFoundError("Could not open the file at C:\\Users\\BS437\\AppData\\Local\\Temp\\rust_mozprofileLOBonP\\search.json.mozlz4", (void 0)))
1655092332203	Marionette	INFO	Listening on port 2072
Read port: 2072
DevTools listening on ws://localhost:2049/devtools/browser/444720eb-c49c-4476-b3f9-053a296b6d77
1655092332338	RemoteAgent	WARN	TLS certificate errors will be ignored for this session
1655092338013	Marionette	INFO	Stopped listening on port 2072

###!!! [Parent][PGPUParent] Error: RunMessage(msgname=PGPU::Msg_ShutdownVR) Channel closing: too late to send/recv, messages will be lost

1655092338642	geckodriver	INFO	Listening on 127.0.0.1:2111
1655092341715	mozrunner::runner	INFO	Running command: "C:\\Program Files\\Mozilla Firefox\\firefox.exe" "--marionette" "--remote-debugging-port" "2112" "--remote-allow-hosts" "localhost" "-no-remote" "-profile" "C:\\Users\\BS437\\AppData\\Local\\Temp\\rust_mozprofileZ5NZQd"
1655092341998	Marionette	INFO	Marionette enabled
WebDriver BiDi listening on ws://localhost:2112
console.warn: SearchSettings: "get: No settings file exists, new profile?" (new NotFoundError("Could not open the file at C:\\Users\\BS437\\AppData\\Local\\Temp\\rust_mozprofileZ5NZQd\\search.json.mozlz4", (void 0)))
1655092343388	Marionette	INFO	Listening on port 2134
DevTools listening on ws://localhost:2112/devtools/browser/7ddfd754-0a90-4c75-bbe2-9ac3e9fb23b4
Read port: 2134
1655092343501	RemoteAgent	WARN	TLS certificate errors will be ignored for this session
1655092349263	Marionette	INFO	Stopped listening on port 2134
1655092470460	geckodriver	INFO	Listening on 127.0.0.1:2239
1655092473516	mozrunner::runner	INFO	Running command: "C:\\Program Files\\Mozilla Firefox\\firefox.exe" "--marionette" "--remote-debugging-port" "2240" "--remote-allow-hosts" "localhost" "-no-remote" "-profile" "C:\\Users\\BS437\\AppData\\Local\\Temp\\rust_mozprofilezewPuu"
1655092473800	Marionette	INFO	Marionette enabled
WebDriver BiDi listening on ws://localhost:2240
console.warn: SearchSettings: "get: No settings file exists, new profile?" (new NotFoundError("Could not open the file at C:\\Users\\BS437\\AppData\\Local\\Temp\\rust_mozprofilezewPuu\\search.json.mozlz4", (void 0)))
1655092475257	Marionette	INFO	Listening on port 2263
DevTools listening on ws://localhost:2240/devtools/browser/b4d54fbc-ae8a-4355-a2e6-1add323f8330
Read port: 2263
1655092475316	RemoteAgent	WARN	TLS certificate errors will be ignored for this session
1655092481345	Marionette	INFO	Stopped listening on port 2263

###!!! [Parent][PGPUParent] Error: RunMessage(msgname=PGPU::Msg_ShutdownVR) Channel closing: too late to send/recv, messages will be lost

[Parent 16396, IPC I/O Parent] WARNING: file /builds/worker/checkouts/gecko/ipc/chromium/src/base/process_util_win.cc:167
1655092481984	geckodriver	INFO	Listening on 127.0.0.1:2303
1655092485064	mozrunner::runner	INFO	Running command: "C:\\Program Files\\Mozilla Firefox\\firefox.exe" "--marionette" "--remote-debugging-port" "2304" "--remote-allow-hosts" "localhost" "-no-remote" "-profile" "C:\\Users\\BS437\\AppData\\Local\\Temp\\rust_mozprofileIHtB7w"
1655092485365	Marionette	INFO	Marionette enabled
WebDriver BiDi listening on ws://localhost:2304
console.warn: SearchSettings: "get: No settings file exists, new profile?" (new NotFoundError("Could not open the file at C:\\Users\\BS437\\AppData\\Local\\Temp\\rust_mozprofileIHtB7w\\search.json.mozlz4", (void 0)))
1655092486773	Marionette	INFO	Listening on port 2325
DevTools listening on ws://localhost:2304/devtools/browser/3c83faf0-570d-4033-a075-9a4272758e52
Read port: 2325
1655092486884	RemoteAgent	WARN	TLS certificate errors will be ignored for this session
1655092493269	Marionette	INFO	Stopped listening on port 2325
1655092493896	geckodriver	INFO	Listening on 127.0.0.1:2364
1655092496965	mozrunner::runner	INFO	Running command: "C:\\Program Files\\Mozilla Firefox\\firefox.exe" "--marionette" "--remote-debugging-port" "2365" "--remote-allow-hosts" "localhost" "-no-remote" "-profile" "C:\\Users\\BS437\\AppData\\Local\\Temp\\rust_mozprofiletcVWCw"
1655092497268	Marionette	INFO	Marionette enabled
WebDriver BiDi listening on ws://localhost:2365
console.warn: SearchSettings: "get: No settings file exists, new profile?" (new NotFoundError("Could not open the file at C:\\Users\\BS437\\AppData\\Local\\Temp\\rust_mozprofiletcVWCw\\search.json.mozlz4", (void 0)))
1655092498645	Marionette	INFO	Listening on port 2390
DevTools listening on ws://localhost:2365/devtools/browser/960efc68-ba28-4627-b0c0-5629263008ac
Read port: 2390
1655092498765	RemoteAgent	WARN	TLS certificate errors will be ignored for this session
console.warn: LoginRecipes: "getRecipes: falling back to a synchronous message for:" "http://automationpractice.com"
console.warn: LoginRecipes: "getRecipes: falling back to a synchronous message for:" "http://automationpractice.com"
JavaScript error: resource://gre/modules/LoginManagerParent.jsm, line 136: TypeError: gRecipeManager is null
console.warn: LoginRecipes: "getRecipes: falling back to a synchronous message for:" "http://automationpractice.com"
JavaScript error: resource://gre/modules/LoginManagerParent.jsm, line 136: TypeError: gRecipeManager is null
console.warn: LoginRecipes: "getRecipes: falling back to a synchronous message for:" "http://automationpractice.com"
JavaScript error: resource://gre/modules/LoginManagerParent.jsm, line 136: TypeError: gRecipeManager is null
console.warn: LoginRecipes: "getRecipes: falling back to a synchronous message for:" "http://automationpractice.com"
JavaScript error: resource://gre/modules/LoginManagerParent.jsm, line 136: TypeError: gRecipeManager is null
1655092508989	Marionette	INFO	Stopped listening on port 2390
1655092509583	geckodriver	INFO	Listening on 127.0.0.1:2434
1655092512669	mozrunner::runner	INFO	Running command: "C:\\Program Files\\Mozilla Firefox\\firefox.exe" "--marionette" "--remote-debugging-port" "2435" "--remote-allow-hosts" "localhost" "-no-remote" "-profile" "C:\\Users\\BS437\\AppData\\Local\\Temp\\rust_mozprofile7BtD1W"
1655092512942	Marionette	INFO	Marionette enabled
WebDriver BiDi listening on ws://localhost:2435
console.warn: SearchSettings: "get: No settings file exists, new profile?" (new NotFoundError("Could not open the file at C:\\Users\\BS437\\AppData\\Local\\Temp\\rust_mozprofile7BtD1W\\search.json.mozlz4", (void 0)))
1655092514336	Marionette	INFO	Listening on port 2457
DevTools listening on ws://localhost:2435/devtools/browser/63388d17-9540-48d4-9648-b8acfa860648
Read port: 2457
1655092514442	RemoteAgent	WARN	TLS certificate errors will be ignored for this session
console.warn: LoginRecipes: "getRecipes: falling back to a synchronous message for:" "http://automationpractice.com"
console.warn: LoginRecipes: "getRecipes: falling back to a synchronous message for:" "http://automationpractice.com"
JavaScript error: resource://gre/modules/LoginManagerParent.jsm, line 136: TypeError: gRecipeManager is null
console.warn: LoginRecipes: "getRecipes: falling back to a synchronous message for:" "http://automationpractice.com"
JavaScript error: resource://gre/modules/LoginManagerParent.jsm, line 136: TypeError: gRecipeManager is null
console.warn: LoginRecipes: "getRecipes: falling back to a synchronous message for:" "http://automationpractice.com"
JavaScript error: resource://gre/modules/LoginManagerParent.jsm, line 136: TypeError: gRecipeManager is null
console.warn: LoginRecipes: "getRecipes: falling back to a synchronous message for:" "http://automationpractice.com"
JavaScript error: resource://gre/modules/LoginManagerParent.jsm, line 136: TypeError: gRecipeManager is null
1655092525478	Marionette	INFO	Stopped listening on port 2457
1655092526094	geckodriver	INFO	Listening on 127.0.0.1:2502
1655092529162	mozrunner::runner	INFO	Running command: "C:\\Program Files\\Mozilla Firefox\\firefox.exe" "--marionette" "--remote-debugging-port" "2503" "--remote-allow-hosts" "localhost" "-no-remote" "-profile" "C:\\Users\\BS437\\AppData\\Local\\Temp\\rust_mozprofileDOsmfE"
1655092529452	Marionette	INFO	Marionette enabled
WebDriver BiDi listening on ws://localhost:2503
console.warn: SearchSettings: "get: No settings file exists, new profile?" (new NotFoundError("Could not open the file at C:\\Users\\BS437\\AppData\\Local\\Temp\\rust_mozprofileDOsmfE\\search.json.mozlz4", (void 0)))
1655092530869	Marionette	INFO	Listening on port 2525
Read port: 2525
DevTools listening on ws://localhost:2503/devtools/browser/31e281a5-44fb-4b69-8f74-8d5e5870c06b
1655092530955	RemoteAgent	WARN	TLS certificate errors will be ignored for this session
console.warn: LoginRecipes: "getRecipes: falling back to a synchronous message for:" "http://automationpractice.com"
console.warn: LoginRecipes: "getRecipes: falling back to a synchronous message for:" "http://automationpractice.com"
JavaScript error: resource://gre/modules/LoginManagerParent.jsm, line 136: TypeError: gRecipeManager is null
console.warn: LoginRecipes: "getRecipes: falling back to a synchronous message for:" "http://automationpractice.com"
JavaScript error: resource://gre/modules/LoginManagerParent.jsm, line 136: TypeError: gRecipeManager is null
console.warn: LoginRecipes: "getRecipes: falling back to a synchronous message for:" "http://automationpractice.com"
JavaScript error: resource://gre/modules/LoginManagerParent.jsm, line 136: TypeError: gRecipeManager is null
console.warn: LoginRecipes: "getRecipes: falling back to a synchronous message for:" "http://automationpractice.com"
JavaScript error: resource://gre/modules/LoginManagerParent.jsm, line 136: TypeError: gRecipeManager is null
1655092542047	Marionette	INFO	Stopped listening on port 2525
1655126623549	geckodriver	INFO	Listening on 127.0.0.1:13054
1655126626663	mozrunner::runner	INFO	Running command: "C:\\Program Files\\Mozilla Firefox\\firefox.exe" "--marionette" "--remote-debugging-port" "13055" "--remote-allow-hosts" "localhost" "-no-remote" "-profile" "C:\\Users\\BS437\\AppData\\Local\\Temp\\rust_mozprofile6PKC35"
1655126627150	Marionette	INFO	Marionette enabled
WebDriver BiDi listening on ws://localhost:13055
console.warn: SearchSettings: "get: No settings file exists, new profile?" (new NotFoundError("Could not open the file at C:\\Users\\BS437\\AppData\\Local\\Temp\\rust_mozprofile6PKC35\\search.json.mozlz4", (void 0)))
1655126628728	Marionette	INFO	Listening on port 13083
Read port: 13083
DevTools listening on ws://localhost:13055/devtools/browser/88c68c08-ffb5-4cdc-8dd2-9858374ae8b5
1655126628773	RemoteAgent	WARN	TLS certificate errors will be ignored for this session
1655126635737	Marionette	INFO	Stopped listening on port 13083
1655126636420	geckodriver	INFO	Listening on 127.0.0.1:13122
1655126639467	mozrunner::runner	INFO	Running command: "C:\\Program Files\\Mozilla Firefox\\firefox.exe" "--marionette" "--remote-debugging-port" "13123" "--remote-allow-hosts" "localhost" "-no-remote" "-profile" "C:\\Users\\BS437\\AppData\\Local\\Temp\\rust_mozprofile2QUmH3"
1655126639776	Marionette	INFO	Marionette enabled
WebDriver BiDi listening on ws://localhost:13123
console.warn: SearchSettings: "get: No settings file exists, new profile?" (new NotFoundError("Could not open the file at C:\\Users\\BS437\\AppData\\Local\\Temp\\rust_mozprofile2QUmH3\\search.json.mozlz4", (void 0)))
1655126641402	Marionette	INFO	Listening on port 13146
DevTools listening on ws://localhost:13123/devtools/browser/c2cc54d3-1041-494b-a90a-c27b7111d25b
Read port: 13146
1655126641461	RemoteAgent	WARN	TLS certificate errors will be ignored for this session
1655126657592	Marionette	INFO	Stopped listening on port 13146
1655126658317	geckodriver	INFO	Listening on 127.0.0.1:13188
1655126661382	mozrunner::runner	INFO	Running command: "C:\\Program Files\\Mozilla Firefox\\firefox.exe" "--marionette" "--remote-debugging-port" "13189" "--remote-allow-hosts" "localhost" "-no-remote" "-profile" "C:\\Users\\BS437\\AppData\\Local\\Temp\\rust_mozprofileHAZ4Rv"
1655126661670	Marionette	INFO	Marionette enabled
WebDriver BiDi listening on ws://localhost:13189
console.warn: SearchSettings: "get: No settings file exists, new profile?" (new NotFoundError("Could not open the file at C:\\Users\\BS437\\AppData\\Local\\Temp\\rust_mozprofileHAZ4Rv\\search.json.mozlz4", (void 0)))
1655126663491	Marionette	INFO	Listening on port 13210
DevTools listening on ws://localhost:13189/devtools/browser/fb6aa894-5f0d-465f-b26e-226f0dae8af3
Read port: 13210
1655126663603	RemoteAgent	WARN	TLS certificate errors will be ignored for this session
console.warn: LoginRecipes: "getRecipes: falling back to a synchronous message for:" "http://automationpractice.com"
console.warn: LoginRecipes: "getRecipes: falling back to a synchronous message for:" "http://automationpractice.com"
JavaScript error: resource://gre/modules/LoginManagerParent.jsm, line 136: TypeError: gRecipeManager is null
console.warn: LoginRecipes: "getRecipes: falling back to a synchronous message for:" "http://automationpractice.com"
JavaScript error: resource://gre/modules/LoginManagerParent.jsm, line 136: TypeError: gRecipeManager is null
console.warn: LoginRecipes: "getRecipes: falling back to a synchronous message for:" "http://automationpractice.com"
JavaScript error: resource://gre/modules/LoginManagerParent.jsm, line 136: TypeError: gRecipeManager is null
console.warn: LoginRecipes: "getRecipes: falling back to a synchronous message for:" "http://automationpractice.com"
JavaScript error: resource://gre/modules/LoginManagerParent.jsm, line 136: TypeError: gRecipeManager is null
1655126671858	Marionette	INFO	Stopped listening on port 13210
1655126672525	geckodriver	INFO	Listening on 127.0.0.1:13252
1655126675599	mozrunner::runner	INFO	Running command: "C:\\Program Files\\Mozilla Firefox\\firefox.exe" "--marionette" "--remote-debugging-port" "13253" "--remote-allow-hosts" "localhost" "-no-remote" "-profile" "C:\\Users\\BS437\\AppData\\Local\\Temp\\rust_mozprofileEu9IQ1"
1655126675893	Marionette	INFO	Marionette enabled
WebDriver BiDi listening on ws://localhost:13253
console.warn: SearchSettings: "get: No settings file exists, new profile?" (new NotFoundError("Could not open the file at C:\\Users\\BS437\\AppData\\Local\\Temp\\rust_mozprofileEu9IQ1\\search.json.mozlz4", (void 0)))
1655126677357	Marionette	INFO	Listening on port 13273
DevTools listening on ws://localhost:13253/devtools/browser/38fa731f-3791-4af1-a944-894f0bb02eb4
Read port: 13273
1655126677478	RemoteAgent	WARN	TLS certificate errors will be ignored for this session
1655126693571	Marionette	INFO	Stopped listening on port 13273
1655126694199	geckodriver	INFO	Listening on 127.0.0.1:13300
1655126697252	mozrunner::runner	INFO	Running command: "C:\\Program Files\\Mozilla Firefox\\firefox.exe" "--marionette" "--remote-debugging-port" "13301" "--remote-allow-hosts" "localhost" "-no-remote" "-profile" "C:\\Users\\BS437\\AppData\\Local\\Temp\\rust_mozprofileRhEJWJ"
1655126697524	Marionette	INFO	Marionette enabled
WebDriver BiDi listening on ws://localhost:13301
console.warn: SearchSettings: "get: No settings file exists, new profile?" (new NotFoundError("Could not open the file at C:\\Users\\BS437\\AppData\\Local\\Temp\\rust_mozprofileRhEJWJ\\search.json.mozlz4", (void 0)))
1655126698924	Marionette	INFO	Listening on port 13320
DevTools listening on ws://localhost:13301/devtools/browser/525cf4cf-8c1b-4ed9-b76e-714243fa803a
Read port: 13320
1655126699016	RemoteAgent	WARN	TLS certificate errors will be ignored for this session
console.warn: LoginRecipes: "getRecipes: falling back to a synchronous message for:" "http://automationpractice.com"
console.warn: LoginRecipes: "getRecipes: falling back to a synchronous message for:" "http://automationpractice.com"
JavaScript error: resource://gre/modules/LoginManagerParent.jsm, line 136: TypeError: gRecipeManager is null
console.warn: LoginRecipes: "getRecipes: falling back to a synchronous message for:" "http://automationpractice.com"
JavaScript error: resource://gre/modules/LoginManagerParent.jsm, line 136: TypeError: gRecipeManager is null
console.warn: LoginRecipes: "getRecipes: falling back to a synchronous message for:" "http://automationpractice.com"
JavaScript error: resource://gre/modules/LoginManagerParent.jsm, line 136: TypeError: gRecipeManager is null
console.warn: LoginRecipes: "getRecipes: falling back to a synchronous message for:" "http://automationpractice.com"
JavaScript error: resource://gre/modules/LoginManagerParent.jsm, line 136: TypeError: gRecipeManager is null
1655126720452	Marionette	INFO	Stopped listening on port 13320
1655133661814	geckodriver	INFO	Listening on 127.0.0.1:12125
1655133664911	mozrunner::runner	INFO	Running command: "C:\\Program Files\\Mozilla Firefox\\firefox.exe" "--marionette" "--remote-debugging-port" "12126" "--remote-allow-hosts" "localhost" "-no-remote" "-profile" "C:\\Users\\BS437\\AppData\\Local\\Temp\\rust_mozprofileHdLs05"
1655133665352	Marionette	INFO	Marionette enabled
WebDriver BiDi listening on ws://localhost:12126
console.warn: SearchSettings: "get: No settings file exists, new profile?" (new NotFoundError("Could not open the file at C:\\Users\\BS437\\AppData\\Local\\Temp\\rust_mozprofileHdLs05\\search.json.mozlz4", (void 0)))
1655133666856	Marionette	INFO	Listening on port 12155
DevTools listening on ws://localhost:12126/devtools/browser/593f3aa3-49b3-48a0-91a6-1aaa585cead6
Read port: 12155
1655133667018	RemoteAgent	WARN	TLS certificate errors will be ignored for this session
1655133677901	Marionette	INFO	Stopped listening on port 12155

###!!! [Parent][PGPUParent] Error: RunMessage(msgname=PGPU::Msg_ShutdownVR) Channel closing: too late to send/recv, messages will be lost

1655133678558	geckodriver	INFO	Listening on 127.0.0.1:12207
1655133681647	mozrunner::runner	INFO	Running command: "C:\\Program Files\\Mozilla Firefox\\firefox.exe" "--marionette" "--remote-debugging-port" "12208" "--remote-allow-hosts" "localhost" "-no-remote" "-profile" "C:\\Users\\BS437\\AppData\\Local\\Temp\\rust_mozprofileMjvkDu"
1655133681919	Marionette	INFO	Marionette enabled
WebDriver BiDi listening on ws://localhost:12208
console.warn: SearchSettings: "get: No settings file exists, new profile?" (new NotFoundError("Could not open the file at C:\\Users\\BS437\\AppData\\Local\\Temp\\rust_mozprofileMjvkDu\\search.json.mozlz4", (void 0)))
1655133683278	Marionette	INFO	Listening on port 12230
DevTools listening on ws://localhost:12208/devtools/browser/53ff08eb-45d4-4b0e-8a74-36777cdf6e2c
Read port: 12230
1655133683337	RemoteAgent	WARN	TLS certificate errors will be ignored for this session
1655133698528	Marionette	INFO	Stopped listening on port 12230

###!!! [Child][PContentChild] Error: RunMessage(msgname=PHttpChannel::Msg_DeleteSelf) Channel closing: too late to send/recv, messages will be lost


###!!! [Child][PContentChild] Error: RunMessage(msgname=PHttpChannel::Msg_DeleteSelf) Channel closing: too late to send/recv, messages will be lost


###!!! [Parent][PGPUParent] Error: RunMessage(msgname=PGPU::Msg_ShutdownVR) Channel closing: too late to send/recv, messages will be lost

1655133699189	geckodriver	INFO	Listening on 127.0.0.1:12268
1655133702236	mozrunner::runner	INFO	Running command: "C:\\Program Files\\Mozilla Firefox\\firefox.exe" "--marionette" "--remote-debugging-port" "12269" "--remote-allow-hosts" "localhost" "-no-remote" "-profile" "C:\\Users\\BS437\\AppData\\Local\\Temp\\rust_mozprofilewgiQYh"
1655133702529	Marionette	INFO	Marionette enabled
WebDriver BiDi listening on ws://localhost:12269
console.warn: SearchSettings: "get: No settings file exists, new profile?" (new NotFoundError("Could not open the file at C:\\Users\\BS437\\AppData\\Local\\Temp\\rust_mozprofilewgiQYh\\search.json.mozlz4", (void 0)))
1655133703930	Marionette	INFO	Listening on port 12291
DevTools listening on ws://localhost:12269/devtools/browser/2dfa9379-555b-4218-bfc2-069cb63b68b2
Read port: 12291
1655133704021	RemoteAgent	WARN	TLS certificate errors will be ignored for this session
console.warn: LoginRecipes: "getRecipes: falling back to a synchronous message for:" "http://automationpractice.com"
console.warn: LoginRecipes: "getRecipes: falling back to a synchronous message for:" "http://automationpractice.com"
JavaScript error: resource://gre/modules/LoginManagerParent.jsm, line 136: TypeError: gRecipeManager is null
console.warn: LoginRecipes: "getRecipes: falling back to a synchronous message for:" "http://automationpractice.com"
JavaScript error: resource://gre/modules/LoginManagerParent.jsm, line 136: TypeError: gRecipeManager is null
console.warn: LoginRecipes: "getRecipes: falling back to a synchronous message for:" "http://automationpractice.com"
JavaScript error: resource://gre/modules/LoginManagerParent.jsm, line 136: TypeError: gRecipeManager is null
console.warn: LoginRecipes: "getRecipes: falling back to a synchronous message for:" "http://automationpractice.com"
JavaScript error: resource://gre/modules/LoginManagerParent.jsm, line 136: TypeError: gRecipeManager is null
1655133720618	Marionette	INFO	Stopped listening on port 12291

###!!! [Parent][PGPUParent] Error: RunMessage(msgname=PGPU::Msg_ShutdownVR) Channel closing: too late to send/recv, messages will be lost

1655133721284	geckodriver	INFO	Listening on 127.0.0.1:12331
1655133724330	mozrunner::runner	INFO	Running command: "C:\\Program Files\\Mozilla Firefox\\firefox.exe" "--marionette" "--remote-debugging-port" "12332" "--remote-allow-hosts" "localhost" "-no-remote" "-profile" "C:\\Users\\BS437\\AppData\\Local\\Temp\\rust_mozprofileyFoiJW"
1655133724608	Marionette	INFO	Marionette enabled
WebDriver BiDi listening on ws://localhost:12332
console.warn: SearchSettings: "get: No settings file exists, new profile?" (new NotFoundError("Could not open the file at C:\\Users\\BS437\\AppData\\Local\\Temp\\rust_mozprofileyFoiJW\\search.json.mozlz4", (void 0)))
1655133726007	Marionette	INFO	Listening on port 12353
DevTools listening on ws://localhost:12332/devtools/browser/4d052969-bf67-49e6-9eb0-3809846cce5f
Read port: 12353
1655133726112	RemoteAgent	WARN	TLS certificate errors will be ignored for this session
console.error: Region.jsm: "Error fetching region" (new Error("TIMEOUT", "resource://gre/modules/Region.jsm", 767))
console.error: Region.jsm: "Failed to fetch region" (new Error("TIMEOUT", "resource://gre/modules/Region.jsm", 419))
1655133741187	Marionette	INFO	Stopped listening on port 12353
1655133741830	geckodriver	INFO	Listening on 127.0.0.1:12393
1655133744890	mozrunner::runner	INFO	Running command: "C:\\Program Files\\Mozilla Firefox\\firefox.exe" "--marionette" "--remote-debugging-port" "12394" "--remote-allow-hosts" "localhost" "-no-remote" "-profile" "C:\\Users\\BS437\\AppData\\Local\\Temp\\rust_mozprofileied8i3"
1655133745173	Marionette	INFO	Marionette enabled
WebDriver BiDi listening on ws://localhost:12394
console.warn: SearchSettings: "get: No settings file exists, new profile?" (new NotFoundError("Could not open the file at C:\\Users\\BS437\\AppData\\Local\\Temp\\rust_mozprofileied8i3\\search.json.mozlz4", (void 0)))
1655133746553	Marionette	INFO	Listening on port 12417
DevTools listening on ws://localhost:12394/devtools/browser/1a3d0021-0d1c-4e7b-8de8-025baa1aa697
Read port: 12417
1655133746721	RemoteAgent	WARN	TLS certificate errors will be ignored for this session
1655133761792	Marionette	INFO	Stopped listening on port 12417

###!!! [Parent][PGPUParent] Error: RunMessage(msgname=PGPU::Msg_ShutdownVR) Channel closing: too late to send/recv, messages will be lost

1655134822698	geckodriver	INFO	Listening on 127.0.0.1:6687
1655134825775	mozrunner::runner	INFO	Running command: "C:\\Program Files\\Mozilla Firefox\\firefox.exe" "--marionette" "--remote-debugging-port" "6688" "--remote-allow-hosts" "localhost" "-no-remote" "-profile" "C:\\Users\\BS437\\AppData\\Local\\Temp\\rust_mozprofileA1T8Mp"
1655134826070	Marionette	INFO	Marionette enabled
WebDriver BiDi listening on ws://localhost:6688
console.warn: SearchSettings: "get: No settings file exists, new profile?" (new NotFoundError("Could not open the file at C:\\Users\\BS437\\AppData\\Local\\Temp\\rust_mozprofileA1T8Mp\\search.json.mozlz4", (void 0)))
1655134827541	Marionette	INFO	Listening on port 6709
Read port: 6709
1655134827560	RemoteAgent	WARN	TLS certificate errors will be ignored for this session
DevTools listening on ws://localhost:6688/devtools/browser/1a73e22b-a5d2-4c02-87c7-f9822dbf2dd4
1655134840283	Marionette	INFO	Stopped listening on port 6709

###!!! [Parent][PGPUParent] Error: RunMessage(msgname=PGPU::Msg_ShutdownVR) Channel closing: too late to send/recv, messages will be lost

1655134841022	geckodriver	INFO	Listening on 127.0.0.1:6748
1655134844081	mozrunner::runner	INFO	Running command: "C:\\Program Files\\Mozilla Firefox\\firefox.exe" "--marionette" "--remote-debugging-port" "6749" "--remote-allow-hosts" "localhost" "-no-remote" "-profile" "C:\\Users\\BS437\\AppData\\Local\\Temp\\rust_mozprofile5fQUwQ"
1655134844366	Marionette	INFO	Marionette enabled
WebDriver BiDi listening on ws://localhost:6749
console.warn: SearchSettings: "get: No settings file exists, new profile?" (new NotFoundError("Could not open the file at C:\\Users\\BS437\\AppData\\Local\\Temp\\rust_mozprofile5fQUwQ\\search.json.mozlz4", (void 0)))
1655134845851	Marionette	INFO	Listening on port 6770
Read port: 6770
DevTools listening on ws://localhost:6749/devtools/browser/20eb1d43-104a-4a80-8639-02b12a7a6cb5
1655134845880	RemoteAgent	WARN	TLS certificate errors will be ignored for this session
1655134860061	Marionette	INFO	Stopped listening on port 6770

###!!! [Parent][PGPUParent] Error: RunMessage(msgname=PGPU::Msg_ShutdownVR) Channel closing: too late to send/recv, messages will be lost

1655134860717	geckodriver	INFO	Listening on 127.0.0.1:6820
1655134863766	mozrunner::runner	INFO	Running command: "C:\\Program Files\\Mozilla Firefox\\firefox.exe" "--marionette" "--remote-debugging-port" "6821" "--remote-allow-hosts" "localhost" "-no-remote" "-profile" "C:\\Users\\BS437\\AppData\\Local\\Temp\\rust_mozprofilesSHj0V"
1655134864035	Marionette	INFO	Marionette enabled
WebDriver BiDi listening on ws://localhost:6821
console.warn: SearchSettings: "get: No settings file exists, new profile?" (new NotFoundError("Could not open the file at C:\\Users\\BS437\\AppData\\Local\\Temp\\rust_mozprofilesSHj0V\\search.json.mozlz4", (void 0)))
1655134865423	Marionette	INFO	Listening on port 6841
DevTools listening on ws://localhost:6821/devtools/browser/e5940456-4b57-4d76-874a-ddc97aab68d7
Read port: 6841
1655134865529	RemoteAgent	WARN	TLS certificate errors will be ignored for this session
console.warn: LoginRecipes: "getRecipes: falling back to a synchronous message for:" "http://automationpractice.com"
console.warn: LoginRecipes: "getRecipes: falling back to a synchronous message for:" "http://automationpractice.com"
JavaScript error: resource://gre/modules/LoginManagerParent.jsm, line 136: TypeError: gRecipeManager is null
1655134874461	Marionette	WARN	TimedPromise timed out after 500 ms: stacktrace:
TimedPromise/<@chrome://remote/content/marionette/sync.js:235:19
TimedPromise@chrome://remote/content/marionette/sync.js:220:10
interaction.flushEventLoop@chrome://remote/content/marionette/interaction.js:431:10
webdriverClickElement@chrome://remote/content/marionette/interaction.js:179:31
1655134879238	Marionette	INFO	Stopped listening on port 6841
1655134909448	geckodriver	INFO	Listening on 127.0.0.1:6891
1655134912514	mozrunner::runner	INFO	Running command: "C:\\Program Files\\Mozilla Firefox\\firefox.exe" "--marionette" "--remote-debugging-port" "6892" "--remote-allow-hosts" "localhost" "-no-remote" "-profile" "C:\\Users\\BS437\\AppData\\Local\\Temp\\rust_mozprofilewYMlAg"
1655134912899	Marionette	INFO	Marionette enabled
WebDriver BiDi listening on ws://localhost:6892
console.warn: SearchSettings: "get: No settings file exists, new profile?" (new NotFoundError("Could not open the file at C:\\Users\\BS437\\AppData\\Local\\Temp\\rust_mozprofilewYMlAg\\search.json.mozlz4", (void 0)))
1655134915701	Marionette	INFO	Listening on port 6915
Read port: 6915
DevTools listening on ws://localhost:6892/devtools/browser/fbfbcdd5-4aaa-4884-a365-72edab065600
1655134915746	RemoteAgent	WARN	TLS certificate errors will be ignored for this session
console.warn: LoginRecipes: "getRecipes: falling back to a synchronous message for:" "http://automationpractice.com"
console.warn: LoginRecipes: "getRecipes: falling back to a synchronous message for:" "http://automationpractice.com"
JavaScript error: resource://gre/modules/LoginManagerParent.jsm, line 136: TypeError: gRecipeManager is null
1655134927611	Marionette	INFO	Stopped listening on port 6915
